2021-12-13T11:24:19.250+0800	debug	standard/main.go:22	初始化日志完成
2021-12-13T11:24:19.256+0800	debug	standard/main.go:24	数据库连接成功
2021-12-13T11:24:20.383+0800	info	standard/main.go:31	server is rinning at 127.0.0.1:8888
2021-12-13T11:26:14.948+0800	info	standard/main.go:31	shutting down server...
2021-12-13T11:26:14.960+0800	info	standard/main.go:31	Server exiting
2021-12-13T11:26:22.712+0800	debug	standard/main.go:22	初始化日志完成
2021-12-13T11:26:22.719+0800	debug	standard/main.go:24	数据库连接成功
2021-12-13T11:26:22.863+0800	info	standard/main.go:31	server is rinning at 127.0.0.1:8888
2021-12-13T11:27:27.569+0800	info	standard/main.go:31	shutting down server...
2021-12-13T11:27:27.569+0800	info	standard/main.go:31	Server exiting
2021-12-13T11:28:11.787+0800	debug	standard/main.go:23	初始化日志完成
2021-12-13T11:28:11.793+0800	debug	standard/main.go:25	数据库连接成功
2021-12-13T11:28:11.888+0800	info	standard/main.go:33	server is rinning at 127.0.0.1:8888
2021-12-13T11:30:17.993+0800	info	standard/main.go:33	shutting down server...
2021-12-13T11:30:18.003+0800	info	standard/main.go:33	Server exiting
2021-12-13T11:30:25.546+0800	debug	standard/main.go:23	初始化日志完成
2021-12-13T11:30:25.552+0800	debug	standard/main.go:25	数据库连接成功
2021-12-13T11:30:25.659+0800	info	standard/main.go:33	server is rinning at 127.0.0.1:8888
2021-12-13T11:30:39.569+0800	info	standard/main.go:33	shutting down server...
2021-12-13T11:30:39.582+0800	info	standard/main.go:33	Server exiting
2021-12-13T11:31:09.799+0800	debug	standard/main.go:22	初始化日志完成
2021-12-13T11:31:09.807+0800	debug	standard/main.go:24	数据库连接成功
2021-12-13T11:31:09.829+0800	info	standard/main.go:31	server is rinning at 127.0.0.1:8888
2021-12-13T11:32:07.281+0800	debug	v2@v2.7.0/auth_jwt.go:473	登录数据:&{Model:{Id:1 CreatedAt:0001-01-01 00:00:00 +0000 UTC UpdatedAt:0001-01-01 00:00:00 +0000 UTC DeletedAt:<nil>} Username:admin Password:$2a$10$BOP.eYrtMx1JuS8U7PbVSOpGd8o.4G2jImO1RkUiG8JhpGaOXV2QG Avatar: Status:0xc000197025 RoleId:1 Role:{Model:{Id:1 CreatedAt:0001-01-01 00:00:00 +0000 UTC UpdatedAt:0001-01-01 00:00:00 +0000 UTC DeletedAt:<nil>} Name:admin Keyword:admin Desc:管理员 Status:0xc0001970be Creator: Users:[] Menus:[]}}
2021-12-13T11:48:23.576+0800	info	standard/main.go:31	shutting down server...
2021-12-13T11:48:23.591+0800	info	standard/main.go:31	Server exiting
2021-12-13T16:21:34.642+0800	debug	standard/main.go:22	初始化日志完成
2021-12-13T16:21:34.945+0800	debug	standard/main.go:24	数据库连接成功
2021-12-13T16:21:35.133+0800	info	standard/main.go:31	server is rinning at 127.0.0.1:8888
2021-12-13T16:22:34.755+0800	debug	v2@v2.7.0/auth_jwt.go:473	登录数据:&{Model:{Id:1 CreatedAt:0001-01-01 00:00:00 +0000 UTC UpdatedAt:0001-01-01 00:00:00 +0000 UTC DeletedAt:<nil>} Username:admin Password:$2a$10$BOP.eYrtMx1JuS8U7PbVSOpGd8o.4G2jImO1RkUiG8JhpGaOXV2QG Avatar: Status:0xc0001f3cf5 RoleId:1 Role:{Model:{Id:1 CreatedAt:0001-01-01 00:00:00 +0000 UTC UpdatedAt:0001-01-01 00:00:00 +0000 UTC DeletedAt:<nil>} Name:admin Keyword:admin Desc:管理员 Status:0xc0001f3d8e Creator: Users:[] Menus:[]}}
2021-12-13T16:23:21.339+0800	debug	v2@v2.7.0/auth_jwt.go:774	cookie token is empty
2021-12-13T16:29:25.659+0800	info	standard/main.go:31	shutting down server...
2021-12-13T16:29:25.671+0800	info	standard/main.go:31	Server exiting
2021-12-13T16:56:18.200+0800	debug	standard/main.go:22	初始化日志完成
2021-12-13T16:56:18.216+0800	debug	standard/main.go:24	数据库连接成功
2021-12-13T16:56:18.247+0800	info	standard/main.go:31	server is rinning at 127.0.0.1:8888
2021-12-13T16:56:45.735+0800	debug	v2@v2.7.0/auth_jwt.go:473	登录数据:&{Model:{Id:1 CreatedAt:0001-01-01 00:00:00 +0000 UTC UpdatedAt:0001-01-01 00:00:00 +0000 UTC DeletedAt:<nil>} Username:admin Password:$2a$10$BOP.eYrtMx1JuS8U7PbVSOpGd8o.4G2jImO1RkUiG8JhpGaOXV2QG Avatar: Status:0xc00008b795 RoleId:1 Role:{Model:{Id:1 CreatedAt:0001-01-01 00:00:00 +0000 UTC UpdatedAt:0001-01-01 00:00:00 +0000 UTC DeletedAt:<nil>} Name:admin Keyword:admin Desc:管理员 Status:0xc00008b83e Creator: Users:[] Menus:[]}}
2021-12-13T16:57:16.909+0800	error	gin@v1.7.7/context.go:168	用户信息获取失败%vrecord not found
2021-12-13T16:59:01.643+0800	info	standard/main.go:31	shutting down server...
2021-12-13T16:59:01.645+0800	info	standard/main.go:31	Server exiting
2021-12-13T16:59:07.922+0800	debug	standard/main.go:22	初始化日志完成
2021-12-13T16:59:07.934+0800	debug	standard/main.go:24	数据库连接成功
2021-12-13T16:59:07.970+0800	info	standard/main.go:31	server is rinning at 127.0.0.1:8888
2021-12-13T16:59:11.857+0800	debug	v2@v2.7.0/auth_jwt.go:473	登录数据:&{Model:{Id:1 CreatedAt:0001-01-01 00:00:00 +0000 UTC UpdatedAt:0001-01-01 00:00:00 +0000 UTC DeletedAt:<nil>} Username:admin Password:$2a$10$BOP.eYrtMx1JuS8U7PbVSOpGd8o.4G2jImO1RkUiG8JhpGaOXV2QG Avatar: Status:0xc00008c575 RoleId:1 Role:{Model:{Id:1 CreatedAt:0001-01-01 00:00:00 +0000 UTC UpdatedAt:0001-01-01 00:00:00 +0000 UTC DeletedAt:<nil>} Name:admin Keyword:admin Desc:管理员 Status:0xc00008c60e Creator: Users:[] Menus:[]}}
2021-12-13T16:59:23.155+0800	error	gin@v1.7.7/context.go:168	用户信息获取失败%vrecord not found
2021-12-13T17:00:09.179+0800	info	standard/main.go:31	shutting down server...
2021-12-13T17:00:09.190+0800	info	standard/main.go:31	Server exiting
2021-12-13T17:04:45.492+0800	debug	standard/main.go:22	初始化日志完成
2021-12-13T17:04:45.504+0800	debug	standard/main.go:24	数据库连接成功
2021-12-13T17:04:45.532+0800	info	standard/main.go:31	server is rinning at 127.0.0.1:8888
2021-12-13T17:06:46.124+0800	debug	v2@v2.7.0/auth_jwt.go:774	incorrect Username or Password
2021-12-13T17:12:15.977+0800	info	standard/main.go:31	shutting down server...
2021-12-13T17:12:15.980+0800	info	standard/main.go:31	Server exiting
2021-12-13T19:44:02.997+0800	debug	standard/main.go:22	初始化日志完成
2021-12-13T19:44:04.000+0800	panic	standard/main.go:24	数据库连接失败:dial tcp 127.0.0.1:3306: i/o timeout
2021-12-13T19:44:17.065+0800	debug	standard/main.go:22	初始化日志完成
2021-12-13T19:44:17.072+0800	debug	standard/main.go:24	数据库连接成功
2021-12-13T19:44:17.091+0800	info	standard/main.go:31	server is rinning at 127.0.0.1:8888
2021-12-13T19:51:48.698+0800	debug	v2@v2.7.0/auth_jwt.go:774	incorrect Username or Password
2021-12-13T19:52:23.069+0800	info	standard/main.go:31	shutting down server...
2021-12-13T19:52:23.070+0800	info	standard/main.go:31	Server exiting
2021-12-13T19:52:30.166+0800	debug	standard/main.go:22	初始化日志完成
2021-12-13T19:52:30.170+0800	debug	standard/main.go:24	数据库连接成功
2021-12-13T19:52:30.277+0800	info	standard/main.go:31	server is rinning at 127.0.0.1:8888
2021-12-13T19:52:52.078+0800	info	standard/main.go:31	shutting down server...
2021-12-13T19:52:52.093+0800	info	standard/main.go:31	Server exiting
2021-12-13T20:00:41.626+0800	debug	standard/main.go:22	初始化日志完成
2021-12-13T20:00:41.630+0800	debug	standard/main.go:24	数据库连接成功
2021-12-13T20:01:13.682+0800	debug	standard/main.go:22	初始化日志完成
2021-12-13T20:01:13.686+0800	debug	standard/main.go:24	数据库连接成功
2021-12-13T20:01:13.775+0800	info	standard/main.go:31	server is rinning at 127.0.0.1:8888
2021-12-13T20:05:26.799+0800	info	standard/main.go:31	shutting down server...
2021-12-13T20:05:26.803+0800	info	standard/main.go:31	Server exiting
2021-12-13T20:05:30.027+0800	debug	standard/main.go:22	初始化日志完成
2021-12-13T20:05:30.030+0800	debug	standard/main.go:24	数据库连接成功
2021-12-13T20:05:30.121+0800	info	standard/main.go:31	server is rinning at 127.0.0.1:8888
2021-12-13T20:05:49.789+0800	info	standard/main.go:31	shutting down server...
2021-12-13T20:05:49.805+0800	info	standard/main.go:31	Server exiting
2021-12-13T20:05:53.619+0800	debug	standard/main.go:22	初始化日志完成
2021-12-13T20:05:53.623+0800	debug	standard/main.go:24	数据库连接成功
2021-12-13T20:05:53.782+0800	info	standard/main.go:31	server is rinning at 127.0.0.1:8888
2021-12-13T20:11:08.556+0800	info	standard/main.go:31	shutting down server...
2021-12-13T20:11:08.556+0800	info	standard/main.go:31	Server exiting
2021-12-13T20:11:11.841+0800	debug	standard/main.go:22	初始化日志完成
2021-12-13T20:11:11.846+0800	debug	standard/main.go:24	数据库连接成功
2021-12-13T20:11:11.936+0800	info	standard/main.go:31	server is rinning at 127.0.0.1:8888
2021-12-13T20:14:03.595+0800	info	standard/main.go:31	shutting down server...
2021-12-13T20:14:03.603+0800	info	standard/main.go:31	Server exiting
2021-12-13T20:14:07.006+0800	debug	standard/main.go:22	初始化日志完成
2021-12-13T20:14:07.009+0800	debug	standard/main.go:24	数据库连接成功
2021-12-13T20:14:07.097+0800	info	standard/main.go:31	server is rinning at 127.0.0.1:8888
2021-12-13T20:14:58.172+0800	info	standard/main.go:31	shutting down server...
2021-12-13T20:14:58.172+0800	info	standard/main.go:31	Server exiting
2021-12-13T20:15:01.373+0800	debug	standard/main.go:22	初始化日志完成
2021-12-13T20:15:01.376+0800	debug	standard/main.go:24	数据库连接成功
2021-12-13T20:15:01.462+0800	info	standard/main.go:31	server is rinning at 127.0.0.1:8888
2021-12-13T20:17:24.069+0800	info	standard/main.go:31	shutting down server...
2021-12-13T20:17:24.084+0800	info	standard/main.go:31	Server exiting
2021-12-13T20:17:32.534+0800	debug	standard/main.go:22	初始化日志完成
2021-12-13T20:17:32.537+0800	debug	standard/main.go:24	数据库连接成功
2021-12-13T20:17:32.551+0800	info	standard/main.go:31	server is rinning at 127.0.0.1:8888
2021-12-13T20:18:11.973+0800	error	gin@v1.7.7/context.go:168	用户信息获取失败%vrecord not found
2021-12-13T20:18:51.159+0800	info	standard/main.go:31	shutting down server...
2021-12-13T20:18:51.168+0800	info	standard/main.go:31	Server exiting
2021-12-13T20:18:52.810+0800	debug	standard/main.go:22	初始化日志完成
2021-12-13T20:18:52.817+0800	debug	standard/main.go:24	数据库连接成功
2021-12-13T20:18:52.832+0800	info	standard/main.go:31	server is rinning at 127.0.0.1:8888
2021-12-13T20:20:00.933+0800	debug	standard/main.go:22	初始化日志完成
2021-12-13T20:20:00.937+0800	debug	standard/main.go:24	数据库连接成功
2021-12-13T20:20:00.951+0800	info	standard/main.go:31	server is rinning at 127.0.0.1:8888
2021-12-13T20:20:27.234+0800	error	gin@v1.7.7/context.go:168	用户信息获取失败%vrecord not found
2021-12-13T20:20:37.419+0800	info	standard/main.go:31	shutting down server...
2021-12-13T20:20:37.422+0800	info	standard/main.go:31	Server exiting
2021-12-13T20:20:42.770+0800	debug	standard/main.go:22	初始化日志完成
2021-12-13T20:20:42.777+0800	debug	standard/main.go:24	数据库连接成功
2021-12-13T20:20:42.794+0800	info	standard/main.go:31	server is rinning at 127.0.0.1:8888
2021-12-13T20:20:44.816+0800	error	gin@v1.7.7/context.go:168	用户信息获取失败%vrecord not found
2021-12-13T20:21:24.538+0800	error	gin@v1.7.7/context.go:168	用户信息获取失败%vrecord not found
2021-12-13T20:23:34.014+0800	debug	standard/main.go:22	初始化日志完成
2021-12-13T20:23:34.020+0800	debug	standard/main.go:24	数据库连接成功
2021-12-13T20:23:34.037+0800	info	standard/main.go:31	server is rinning at 127.0.0.1:8888
2021-12-13T20:31:45.389+0800	debug	standard/main.go:22	初始化日志完成
2021-12-13T20:31:45.393+0800	debug	standard/main.go:24	数据库连接成功
2021-12-13T20:31:45.408+0800	info	standard/main.go:31	server is rinning at 127.0.0.1:8888
2021-12-13T20:32:53.593+0800	info	standard/main.go:31	shutting down server...
2021-12-13T20:32:53.607+0800	info	standard/main.go:31	Server exiting
2021-12-13T20:33:22.927+0800	debug	standard/main.go:22	初始化日志完成
2021-12-13T20:33:22.933+0800	debug	standard/main.go:24	数据库连接成功
2021-12-13T20:33:22.952+0800	info	standard/main.go:31	server is rinning at 127.0.0.1:8888
2021-12-13T20:34:14.541+0800	debug	standard/main.go:22	初始化日志完成
2021-12-13T20:34:14.548+0800	debug	standard/main.go:24	数据库连接成功
2021-12-13T20:34:14.565+0800	info	standard/main.go:31	server is rinning at 127.0.0.1:8888
2021-12-13T20:39:11.197+0800	debug	standard/main.go:22	初始化日志完成
2021-12-13T20:39:11.204+0800	debug	standard/main.go:24	数据库连接成功
2021-12-13T20:39:11.222+0800	info	standard/main.go:31	server is rinning at 127.0.0.1:8888
2021-12-13T20:43:16.659+0800	debug	standard/main.go:22	初始化日志完成
2021-12-13T20:43:16.663+0800	debug	standard/main.go:24	数据库连接成功
2021-12-13T20:43:16.678+0800	info	standard/main.go:31	server is rinning at 127.0.0.1:8888
2021-12-13T20:47:45.649+0800	info	standard/main.go:31	shutting down server...
2021-12-13T20:47:45.649+0800	info	standard/main.go:31	Server exiting
2021-12-13T20:47:49.638+0800	debug	standard/main.go:22	初始化日志完成
2021-12-13T20:47:49.642+0800	debug	standard/main.go:24	数据库连接成功
2021-12-13T20:47:49.657+0800	info	standard/main.go:31	server is rinning at 127.0.0.1:8888
2021-12-13T20:50:10.016+0800	info	standard/main.go:31	shutting down server...
2021-12-13T20:50:10.017+0800	info	standard/main.go:31	Server exiting
2021-12-13T20:50:14.823+0800	debug	standard/main.go:22	初始化日志完成
2021-12-13T20:50:14.827+0800	debug	standard/main.go:24	数据库连接成功
2021-12-13T20:50:14.844+0800	info	standard/main.go:31	server is rinning at 127.0.0.1:8888
2021-12-13T20:50:17.630+0800	error	gin@v1.7.7/context.go:168	用户信息获取失败%vrecord not found
2021-12-13T20:50:43.345+0800	info	standard/main.go:31	shutting down server...
2021-12-13T20:50:43.347+0800	info	standard/main.go:31	Server exiting
2021-12-13T20:50:50.198+0800	debug	standard/main.go:22	初始化日志完成
2021-12-13T20:50:50.204+0800	debug	standard/main.go:24	数据库连接成功
2021-12-13T20:50:50.219+0800	info	standard/main.go:31	server is rinning at 127.0.0.1:8888
2021-12-13T20:51:54.525+0800	error	gin@v1.7.7/context.go:168	用户信息获取失败%vrecord not found
2021-12-13T20:52:30.745+0800	debug	standard/main.go:22	初始化日志完成
2021-12-13T20:52:30.748+0800	debug	standard/main.go:24	数据库连接成功
2021-12-13T20:52:30.836+0800	info	standard/main.go:31	server is rinning at 127.0.0.1:8888
2021-12-13T20:52:32.753+0800	info	standard/main.go:31	shutting down server...
2021-12-13T20:52:32.763+0800	info	standard/main.go:31	Server exiting
2021-12-13T20:52:39.050+0800	debug	standard/main.go:22	初始化日志完成
2021-12-13T20:52:39.054+0800	debug	standard/main.go:24	数据库连接成功
2021-12-13T20:52:39.069+0800	info	standard/main.go:31	server is rinning at 127.0.0.1:8888
2021-12-13T20:52:42.975+0800	error	gin@v1.7.7/context.go:168	用户信息获取失败%vrecord not found
2021-12-13T20:53:56.881+0800	info	standard/main.go:31	shutting down server...
2021-12-13T20:53:56.886+0800	info	standard/main.go:31	Server exiting
2021-12-13T20:54:00.591+0800	debug	standard/main.go:22	初始化日志完成
2021-12-13T20:54:00.595+0800	debug	standard/main.go:24	数据库连接成功
2021-12-13T20:54:00.609+0800	info	standard/main.go:31	server is rinning at 127.0.0.1:8888
2021-12-13T20:54:28.395+0800	info	standard/main.go:31	shutting down server...
2021-12-13T20:54:28.404+0800	info	standard/main.go:31	Server exiting
2021-12-13T20:54:31.697+0800	debug	standard/main.go:22	初始化日志完成
2021-12-13T20:54:31.702+0800	debug	standard/main.go:24	数据库连接成功
2021-12-13T20:54:31.716+0800	info	standard/main.go:31	server is rinning at 127.0.0.1:8888
2021-12-13T20:56:39.971+0800	info	standard/main.go:31	shutting down server...
2021-12-13T20:56:39.981+0800	info	standard/main.go:31	Server exiting
2021-12-13T20:56:57.236+0800	debug	standard/main.go:22	初始化日志完成
2021-12-13T20:56:57.239+0800	debug	standard/main.go:24	数据库连接成功
2021-12-13T20:56:57.254+0800	info	standard/main.go:31	server is rinning at 127.0.0.1:8888
2021-12-13T20:57:34.436+0800	info	standard/main.go:31	shutting down server...
2021-12-13T20:57:34.438+0800	info	standard/main.go:31	Server exiting
2021-12-13T20:57:37.635+0800	debug	standard/main.go:22	初始化日志完成
2021-12-13T20:57:37.639+0800	debug	standard/main.go:24	数据库连接成功
2021-12-13T20:57:37.654+0800	info	standard/main.go:31	server is rinning at 127.0.0.1:8888
2021-12-13T21:02:11.612+0800	info	standard/main.go:31	shutting down server...
2021-12-13T21:02:11.612+0800	info	standard/main.go:31	Server exiting
2021-12-13T21:02:15.586+0800	debug	standard/main.go:22	初始化日志完成
2021-12-13T21:02:15.591+0800	debug	standard/main.go:24	数据库连接成功
2021-12-13T21:02:15.608+0800	info	standard/main.go:31	server is rinning at 127.0.0.1:8888
2021-12-13T21:02:16.806+0800	panic	gin@v1.7.7/context.go:168	结构体转化失败
2021-12-13T21:12:33.146+0800	info	standard/main.go:31	shutting down server...
2021-12-13T21:12:33.147+0800	info	standard/main.go:31	Server exiting
2021-12-13T21:12:37.015+0800	debug	standard/main.go:22	初始化日志完成
2021-12-13T21:12:37.019+0800	debug	standard/main.go:24	数据库连接成功
2021-12-13T21:12:37.034+0800	info	standard/main.go:31	server is rinning at 127.0.0.1:8888
2021-12-13T21:14:39.470+0800	info	standard/main.go:31	shutting down server...
2021-12-13T21:14:39.482+0800	info	standard/main.go:31	Server exiting
2021-12-13T21:14:42.839+0800	debug	standard/main.go:22	初始化日志完成
2021-12-13T21:14:42.843+0800	debug	standard/main.go:24	数据库连接成功
2021-12-13T21:14:42.858+0800	info	standard/main.go:31	server is rinning at 127.0.0.1:8888
2021-12-13T21:18:00.813+0800	info	standard/main.go:31	shutting down server...
2021-12-13T21:18:00.819+0800	info	standard/main.go:31	Server exiting
2021-12-13T21:24:21.971+0800	debug	standard/main.go:22	初始化日志完成
2021-12-13T21:24:21.975+0800	debug	standard/main.go:24	数据库连接成功
2021-12-13T21:24:21.990+0800	info	standard/main.go:31	server is rinning at 127.0.0.1:8888
2021-12-13T21:25:52.743+0800	info	standard/main.go:31	shutting down server...
2021-12-13T21:25:52.743+0800	info	standard/main.go:31	Server exiting
2021-12-13T21:26:18.714+0800	debug	standard/main.go:22	初始化日志完成
2021-12-13T21:26:18.718+0800	debug	standard/main.go:24	数据库连接成功
2021-12-13T21:26:18.732+0800	info	standard/main.go:31	server is rinning at 127.0.0.1:8888
2021-12-13T21:27:00.910+0800	info	standard/main.go:31	shutting down server...
2021-12-13T21:27:00.919+0800	info	standard/main.go:31	Server exiting
2021-12-13T21:27:04.546+0800	debug	standard/main.go:22	初始化日志完成
2021-12-13T21:27:04.550+0800	debug	standard/main.go:24	数据库连接成功
2021-12-13T21:27:04.565+0800	info	standard/main.go:31	server is rinning at 127.0.0.1:8888
2021-12-13T21:27:42.810+0800	info	standard/main.go:31	shutting down server...
2021-12-13T21:27:42.813+0800	info	standard/main.go:31	Server exiting
2021-12-13T21:27:48.582+0800	debug	standard/main.go:22	初始化日志完成
2021-12-13T21:27:48.587+0800	debug	standard/main.go:24	数据库连接成功
2021-12-13T21:27:48.603+0800	info	standard/main.go:31	server is rinning at 127.0.0.1:8888
2021-12-13T21:34:01.665+0800	info	standard/main.go:31	shutting down server...
2021-12-13T21:34:01.667+0800	info	standard/main.go:31	Server exiting
2021-12-13T21:34:04.936+0800	debug	standard/main.go:22	初始化日志完成
2021-12-13T21:34:04.940+0800	debug	standard/main.go:24	数据库连接成功
2021-12-13T21:34:04.957+0800	info	standard/main.go:31	server is rinning at 127.0.0.1:8888
2021-12-13T21:37:14.710+0800	info	standard/main.go:31	shutting down server...
2021-12-13T21:37:14.710+0800	info	standard/main.go:31	Server exiting
2021-12-13T21:37:18.434+0800	debug	standard/main.go:22	初始化日志完成
2021-12-13T21:37:18.438+0800	debug	standard/main.go:24	数据库连接成功
2021-12-13T21:37:18.452+0800	info	standard/main.go:31	server is rinning at 127.0.0.1:8888
2021-12-13T21:52:47.509+0800	info	standard/main.go:31	shutting down server...
2021-12-13T21:52:47.509+0800	info	standard/main.go:31	Server exiting
2021-12-13T21:52:51.151+0800	debug	standard/main.go:22	初始化日志完成
2021-12-13T21:52:51.154+0800	debug	standard/main.go:24	数据库连接成功
2021-12-13T21:52:51.170+0800	info	standard/main.go:31	server is rinning at 127.0.0.1:8888
2021-12-13T21:53:46.079+0800	info	standard/main.go:31	shutting down server...
2021-12-13T21:53:46.079+0800	info	standard/main.go:31	Server exiting
2021-12-13T21:53:51.162+0800	debug	standard/main.go:22	初始化日志完成
2021-12-13T21:53:51.169+0800	debug	standard/main.go:24	数据库连接成功
2021-12-13T21:53:51.187+0800	info	standard/main.go:31	server is rinning at 127.0.0.1:8888
2021-12-13T21:54:14.563+0800	debug	gin@v1.7.7/context.go:168	casbin enforce err:keyMatch: Argument must be a string
2021-12-13T21:57:25.589+0800	debug	standard/main.go:22	初始化日志完成
2021-12-13T21:57:25.593+0800	debug	standard/main.go:24	数据库连接成功
2021-12-13T21:57:25.608+0800	info	standard/main.go:31	server is rinning at 127.0.0.1:8888
2021-12-13T21:57:27.820+0800	debug	gin@v1.7.7/context.go:168	casbin enforce err:keyMatch: Argument must be a string
2021-12-13T21:59:01.001+0800	info	standard/main.go:31	shutting down server...
2021-12-13T21:59:01.001+0800	info	standard/main.go:31	Server exiting
2021-12-13T21:59:04.484+0800	debug	standard/main.go:22	初始化日志完成
2021-12-13T21:59:04.488+0800	debug	standard/main.go:24	数据库连接成功
2021-12-13T21:59:04.504+0800	info	standard/main.go:31	server is rinning at 127.0.0.1:8888
2021-12-13T21:59:47.727+0800	info	standard/main.go:31	shutting down server...
2021-12-13T21:59:47.740+0800	info	standard/main.go:31	Server exiting
2021-12-13T21:59:51.039+0800	debug	standard/main.go:22	初始化日志完成
2021-12-13T21:59:51.043+0800	debug	standard/main.go:24	数据库连接成功
2021-12-13T21:59:51.058+0800	info	standard/main.go:31	server is rinning at 127.0.0.1:8888
2021-12-13T22:00:03.000+0800	info	standard/main.go:31	shutting down server...
2021-12-13T22:00:03.017+0800	info	standard/main.go:31	Server exiting
2021-12-13T22:01:05.113+0800	debug	standard/main.go:22	初始化日志完成
2021-12-13T22:01:05.117+0800	debug	standard/main.go:24	数据库连接成功
2021-12-13T22:01:05.131+0800	info	standard/main.go:31	server is rinning at 127.0.0.1:8888
2021-12-13T22:02:16.017+0800	info	standard/main.go:31	shutting down server...
2021-12-13T22:02:16.021+0800	info	standard/main.go:31	Server exiting
